<?xml version="1.0" encoding="UTF-8"?>
<testng-results ignored="1" total="2" passed="1" failed="0" skipped="0">
  <reporter-output>
  </reporter-output>
  <suite started-at="2025-05-14T21:39:50 EET" name="Default suite" finished-at="2025-05-14T21:40:16 EET" duration-ms="25971">
    <groups>
    </groups>
    <test started-at="2025-05-14T21:39:50 EET" name="Default test" finished-at="2025-05-14T21:40:16 EET" duration-ms="25971">
      <class name="MyTestCases">
        <test-method is-config="true" signature="mySetup()[pri:0, instance:MyTestCases@5e5d171f]" started-at="2025-05-14T21:39:50 EET" name="mySetup" finished-at="2025-05-14T21:39:50 EET" duration-ms="11" status="PASS">
          <reporter-output>
          </reporter-output>
        </test-method> <!-- mySetup -->
        <test-method is-config="true" signature="BeforeEachTest()[pri:0, instance:MyTestCases@5e5d171f]" started-at="2025-05-14T21:39:50 EET" name="BeforeEachTest" finished-at="2025-05-14T21:40:00 EET" duration-ms="10099" status="PASS">
          <reporter-output>
          </reporter-output>
        </test-method> <!-- BeforeEachTest -->
        <test-method signature="ClickOnlyOnTheNumbers()[pri:0, instance:MyTestCases@5e5d171f]" started-at="2025-05-14T21:40:00 EET" name="ClickOnlyOnTheNumbers" finished-at="2025-05-14T21:40:16 EET" duration-ms="15824" status="PASS">
          <reporter-output>
          </reporter-output>
        </test-method> <!-- ClickOnlyOnTheNumbers -->
      </class> <!-- MyTestCases -->
    </test> <!-- Default test -->
  </suite> <!-- Default suite -->
</testng-results>
